<?xml version="1.0" encoding="UTF-8"?>
<!-- Generated by org.testng.reporters.JUnitReportReporter -->
<testsuite hostname="Prashiks-iMac.local" failures="0" tests="3" name="com.vandvtechsolutions.inetbanking.testcases.HomeTC_001" time="3.849" errors="0" timestamp="2022-04-20T20:29:39 IST" skipped="1">
  <testcase classname="com.vandvtechsolutions.inetbanking.testcases.HomeTC_001" name="verifyLoginFunctionalityTC001" time="1.897"/>
  <system-out/>
  <testcase classname="com.vandvtechsolutions.inetbanking.testcases.HomeTC_001" name="verifyLogoutFunctio0nality" time="1.952"/>
  <system-out/>
  <testcase classname="com.vandvtechsolutions.inetbanking.testcases.HomeTC_001" name="navigateToEditCustomerPage">
    <skipped/>
  </testcase> <!-- navigateToEditCustomerPage -->
  <system-out/>
</testsuite> <!-- com.vandvtechsolutions.inetbanking.testcases.HomeTC_001 -->
