<?xml version="1.0" encoding="UTF-8"?>
<!-- Generated by org.testng.reporters.JUnitReportReporter -->
<testsuite hostname="Prashiks-iMac.local" failures="0" tests="4" name="com.vandvtechsolutions.inetbanking.testcases.LoginTC002" time="79.170" errors="0" timestamp="2022-04-22T22:01:18 IST" skipped="0">
  <testcase classname="com.vandvtechsolutions.inetbanking.testcases.LoginTC002" name="verifyLoginFunctionalityDDTest" time="16.750"/>
  <system-out/>
  <testcase classname="com.vandvtechsolutions.inetbanking.testcases.LoginTC002" name="verifyLoginFunctionalityDDTest" time="28.216"/>
  <system-out/>
  <testcase classname="com.vandvtechsolutions.inetbanking.testcases.LoginTC002" name="verifyLoginFunctionalityDDTest" time="16.841"/>
  <system-out/>
  <testcase classname="com.vandvtechsolutions.inetbanking.testcases.LoginTC002" name="verifyLoginFunctionalityDDTest" time="17.363"/>
  <system-out/>
</testsuite> <!-- com.vandvtechsolutions.inetbanking.testcases.LoginTC002 -->
