<?xml version="1.0" encoding="UTF-8"?>
<!-- Generated by org.testng.reporters.JUnitReportReporter -->
<testsuite hostname="Prashiks-iMac.local" failures="0" tests="1" name="com.vandvtechsolutions.inetbanking.testbase.DemoTest" time="0.008" errors="0" timestamp="2022-04-05T23:39:38 IST" skipped="0">
  <testcase classname="com.vandvtechsolutions.inetbanking.testbase.DemoTest" name="test" time="0.008"/>
  <system-out/>
</testsuite> <!-- com.vandvtechsolutions.inetbanking.testbase.DemoTest -->
