<?xml version="1.0" encoding="UTF-8"?>
<!-- Generated by org.testng.reporters.JUnitReportReporter -->
<testsuite hostname="Prashiks-iMac.local" failures="0" tests="1" name="com.vandvtechsolutions.inetbanking.testcases.LoginTC001" time="21.016" errors="0" timestamp="2022-05-10T22:11:24 IST" skipped="0">
  <testcase classname="com.vandvtechsolutions.inetbanking.testcases.LoginTC001" name="verifyLoginFunctionalityTC001" time="21.016"/>
  <system-out/>
</testsuite> <!-- com.vandvtechsolutions.inetbanking.testcases.LoginTC001 -->
